[2026-04-18 09:53:39] [INFO] ==================================================
[2026-04-18 09:53:39] [INFO] Bin Similarity Monitor (샘플) 실행: 2025-04-17
[2026-04-18 09:53:39] [INFO] ==================================================
[2026-04-18 09:53:39] [INFO] 프로파일 없음 → 신규 구축
[2026-04-18 09:53:39] [INFO] Fail 데이터 로드: 1,440 rows, 180 dies, bins=[10, 20, 30]
[2026-04-18 09:53:39] [INFO] Fail bin 프로파일 구축 시작
[2026-04-18 09:53:39] [INFO] Bin 10: 8개 feature (샘플: 60, 제외 feature: 0)
[2026-04-18 09:53:39] [INFO] Bin 20: 8개 feature (샘플: 60, 제외 feature: 0)
[2026-04-18 09:53:39] [INFO] Bin 30: 8개 feature (샘플: 60, 제외 feature: 0)
[2026-04-18 09:53:39] [INFO] 프로파일 구축 완료: 3개 fail bin
[2026-04-18 09:53:39] [INFO] 프로파일 저장: ./data/bin_profiles_sample.json
[2026-04-18 09:53:39] [INFO] Pass 데이터 로드 (date=2025-04-17): 80,000 rows, 10,000 dies, 50 lots
[2026-04-18 09:53:39] [INFO] 유사도 계산 시작
[2026-04-18 09:53:39] [DEBUG] 유사도 계산: 1,000/10,000 dies
[2026-04-18 09:53:39] [DEBUG] 유사도 계산: 2,000/10,000 dies
[2026-04-18 09:53:39] [DEBUG] 유사도 계산: 3,000/10,000 dies
[2026-04-18 09:53:40] [DEBUG] 유사도 계산: 4,000/10,000 dies
[2026-04-18 09:53:40] [DEBUG] 유사도 계산: 5,000/10,000 dies
[2026-04-18 09:53:40] [DEBUG] 유사도 계산: 6,000/10,000 dies
[2026-04-18 09:53:40] [DEBUG] 유사도 계산: 7,000/10,000 dies
[2026-04-18 09:53:40] [DEBUG] 유사도 계산: 8,000/10,000 dies
[2026-04-18 09:53:40] [DEBUG] 유사도 계산: 9,000/10,000 dies
[2026-04-18 09:53:40] [DEBUG] 유사도 계산: 10,000/10,000 dies
[2026-04-18 09:53:40] [INFO] 유사도 계산 완료: 10,000 dies × 3 bins
[2026-04-18 09:53:40] [INFO] Lot 단위 집계 시작
[2026-04-18 09:53:40] [INFO] Lot 집계 완료: 50개 lot
[2026-04-18 09:53:40] [WARNING] Baseline sigma=0 → CUSUM 계산 불가
[2026-04-18 09:53:40] [WARNING] Baseline sigma=0 → CUSUM 계산 불가
[2026-04-18 09:53:40] [WARNING] Baseline sigma=0 → CUSUM 계산 불가
[2026-04-18 09:53:40] [INFO] CUSUM 완료: 0개 lot에서 알람 발생
[2026-04-18 09:53:40] [INFO] 유사도 저장: ./data/similarity\similarity_20250417_sample.csv
[2026-04-18 09:53:40] [INFO] 알람 없음
[2026-04-18 09:53:40] [INFO] 정상: 알람 없음
[2026-04-18 09:53:40] [INFO] 실행 완료
[2026-04-18 09:56:21] [INFO] ==================================================
[2026-04-18 09:56:29] [INFO] Bin Similarity Monitor (샘플) 실행: 2025-04-17
[2026-04-18 09:56:38] [INFO] ==================================================
[2026-04-18 10:13:34] [INFO] 프로파일 로드 (갱신일: 2026-04-18, 3개 bin)
[2026-04-18 10:16:10] [INFO] 기존 프로파일 사용 (갱신일: 2026-04-18)
[2026-04-18 10:17:38] [INFO] Pass 데이터 로드 (date=2025-04-17): 80,000 rows, 10,000 dies, 50 lots
[2026-04-18 10:24:17] [INFO] 유사도 계산 시작
